[2026-01-20T04:18:24.231Z] Starting dev server with command: pnpm run dev
[2026-01-20T04:18:24.892Z] 
[2026-01-20T04:18:24.893Z] > teodor-resume@1.0.0 dev /home/ubuntu/teodor-resume
[2026-01-20T04:18:24.893Z] > vite --host
[2026-01-20T04:18:24.893Z] 
[2026-01-20T04:18:25.420Z] 
[2026-01-20T04:18:25.421Z] VITE v7.1.9  ready in 494 ms
[2026-01-20T04:18:25.421Z] 
[2026-01-20T04:18:25.422Z] ➜  Local:   http://localhost:3000/
[2026-01-20T04:18:25.423Z] ➜  Network: http://169.254.0.21:3000/
[2026-01-20T04:20:37.583Z] 11:20:37 PM [vite] (client) page reload index.html
[2026-01-20T04:23:03.741Z] [baseline-browser-mapping] The data in this module is over two months old.  To ensure accurate Baseline data, please update: `npm i baseline-browser-mapping@latest -D`
[2026-01-20T04:31:26.432Z] 11:31:26 PM [vite] (client) hmr update /src/pages/Home.tsx, /src/index.css
[2026-01-20T20:17:49.876Z] 3:17:49 PM [vite] (client) hmr update /src/pages/Home.tsx, /src/index.css
[2026-01-20T20:50:34.906Z] 3:50:34 PM [vite] changed tsconfig file detected: /home/ubuntu/teodor-resume/tsconfig.json - Clearing cache and forcing full-reload to ensure TypeScript is compiled with updated config values.
[2026-01-20T20:50:34.909Z] 3:50:34 PM [vite] vite.config.ts changed, restarting server...
[2026-01-20T20:50:34.910Z] 3:50:34 PM [vite] (client) page reload index.html
[2026-01-20T20:50:34.910Z] 3:50:34 PM [vite] (client) page reload public/.gitkeep
[2026-01-20T20:50:34.911Z] 3:50:34 PM [vite] (client) page reload public/__manus__/debug-collector.js
[2026-01-20T20:50:34.911Z] 3:50:34 PM [vite] (client) page reload src/App.tsx
[2026-01-20T20:50:34.912Z] 3:50:34 PM [vite] (client) page reload src/components/ErrorBoundary.tsx
[2026-01-20T20:50:34.912Z] 3:50:34 PM [vite] (client) page reload src/components/ManusDialog.tsx
[2026-01-20T20:50:34.913Z] 3:50:34 PM [vite] (client) page reload src/components/Map.tsx
[2026-01-20T20:50:34.913Z] 3:50:34 PM [vite] (client) page reload src/components/ui/accordion.tsx
[2026-01-20T20:50:34.914Z] 3:50:34 PM [vite] (client) page reload src/components/ui/alert-dialog.tsx
[2026-01-20T20:50:34.914Z] 3:50:34 PM [vite] (client) page reload src/components/ui/alert.tsx
[2026-01-20T20:50:34.914Z] 3:50:34 PM [vite] (client) page reload src/components/ui/aspect-ratio.tsx
[2026-01-20T20:50:34.914Z] 3:50:34 PM [vite] (client) page reload src/components/ui/avatar.tsx
[2026-01-20T20:50:34.914Z] 3:50:34 PM [vite] (client) page reload src/components/ui/badge.tsx
[2026-01-20T20:50:34.915Z] 3:50:34 PM [vite] (client) page reload src/components/ui/breadcrumb.tsx
[2026-01-20T20:50:34.915Z] 3:50:34 PM [vite] (client) page reload src/components/ui/button-group.tsx
[2026-01-20T20:50:34.915Z] 3:50:34 PM [vite] (client) page reload src/components/ui/button.tsx
[2026-01-20T20:50:34.915Z] 3:50:34 PM [vite] (client) page reload src/components/ui/calendar.tsx
[2026-01-20T20:50:34.915Z] 3:50:34 PM [vite] (client) page reload src/components/ui/card.tsx
[2026-01-20T20:50:34.916Z] 3:50:34 PM [vite] (client) page reload src/components/ui/carousel.tsx
[2026-01-20T20:50:34.916Z] 3:50:34 PM [vite] (client) page reload src/components/ui/chart.tsx
[2026-01-20T20:50:34.916Z] 3:50:34 PM [vite] (client) page reload src/components/ui/checkbox.tsx
[2026-01-20T20:50:34.916Z] 3:50:34 PM [vite] (client) page reload src/components/ui/collapsible.tsx
[2026-01-20T20:50:34.916Z] 3:50:34 PM [vite] (client) page reload src/components/ui/command.tsx
[2026-01-20T20:50:34.916Z] 3:50:34 PM [vite] (client) page reload src/components/ui/context-menu.tsx
[2026-01-20T20:50:34.917Z] 3:50:34 PM [vite] (client) page reload src/components/ui/dialog.tsx
[2026-01-20T20:50:34.917Z] 3:50:34 PM [vite] (client) page reload src/components/ui/drawer.tsx
[2026-01-20T20:50:34.917Z] 3:50:34 PM [vite] (client) page reload src/components/ui/dropdown-menu.tsx
[2026-01-20T20:50:34.918Z] 3:50:34 PM [vite] (client) page reload src/components/ui/empty.tsx
[2026-01-20T20:50:34.918Z] 3:50:34 PM [vite] (client) page reload src/components/ui/field.tsx
[2026-01-20T20:50:34.918Z] 3:50:34 PM [vite] (client) page reload src/components/ui/form.tsx
[2026-01-20T20:50:34.918Z] 3:50:34 PM [vite] (client) page reload src/components/ui/hover-card.tsx
[2026-01-20T20:50:34.919Z] 3:50:34 PM [vite] (client) page reload src/components/ui/input-group.tsx
[2026-01-20T20:50:34.919Z] 3:50:34 PM [vite] (client) page reload src/components/ui/input-otp.tsx
[2026-01-20T20:50:34.919Z] 3:50:34 PM [vite] (client) page reload src/components/ui/input.tsx
[2026-01-20T20:50:34.919Z] 3:50:34 PM [vite] (client) page reload src/components/ui/item.tsx
[2026-01-20T20:50:34.919Z] 3:50:34 PM [vite] (client) page reload src/components/ui/kbd.tsx
[2026-01-20T20:50:34.920Z] 3:50:34 PM [vite] (client) page reload src/components/ui/label.tsx
[2026-01-20T20:50:34.920Z] 3:50:34 PM [vite] (client) page reload src/components/ui/menubar.tsx
[2026-01-20T20:50:34.920Z] 3:50:34 PM [vite] (client) page reload src/components/ui/navigation-menu.tsx
[2026-01-20T20:50:34.920Z] 3:50:34 PM [vite] (client) page reload src/components/ui/pagination.tsx
[2026-01-20T20:50:34.920Z] 3:50:34 PM [vite] (client) page reload src/components/ui/popover.tsx
[2026-01-20T20:50:34.921Z] 3:50:34 PM [vite] (client) page reload src/components/ui/progress.tsx
[2026-01-20T20:50:34.921Z] 3:50:34 PM [vite] (client) page reload src/components/ui/radio-group.tsx
[2026-01-20T20:50:34.921Z] 3:50:34 PM [vite] (client) page reload src/components/ui/resizable.tsx
[2026-01-20T20:50:34.921Z] 3:50:34 PM [vite] (client) page reload src/components/ui/scroll-area.tsx
[2026-01-20T20:50:34.921Z] 3:50:34 PM [vite] (client) page reload src/components/ui/select.tsx
[2026-01-20T20:50:34.922Z] 3:50:34 PM [vite] (client) page reload src/components/ui/separator.tsx
[2026-01-20T20:50:34.922Z] 3:50:34 PM [vite] (client) page reload src/components/ui/sheet.tsx
[2026-01-20T20:50:34.922Z] 3:50:34 PM [vite] (client) page reload src/components/ui/sidebar.tsx
[2026-01-20T20:50:34.922Z] 3:50:34 PM [vite] (client) page reload src/components/ui/skeleton.tsx
[2026-01-20T20:50:34.922Z] 3:50:34 PM [vite] (client) page reload src/components/ui/slider.tsx
[2026-01-20T20:50:34.923Z] 3:50:34 PM [vite] (client) page reload src/components/ui/sonner.tsx
[2026-01-20T20:50:34.923Z] 3:50:34 PM [vite] (client) page reload src/components/ui/spinner.tsx
[2026-01-20T20:50:34.924Z] 3:50:34 PM [vite] (client) page reload src/components/ui/switch.tsx
[2026-01-20T20:50:34.924Z] 3:50:34 PM [vite] (client) page reload src/components/ui/table.tsx
[2026-01-20T20:50:34.924Z] 3:50:34 PM [vite] (client) page reload src/components/ui/tabs.tsx
[2026-01-20T20:50:34.924Z] 3:50:34 PM [vite] (client) page reload src/components/ui/textarea.tsx
[2026-01-20T20:50:34.924Z] 3:50:34 PM [vite] (client) page reload src/components/ui/toggle-group.tsx
[2026-01-20T20:50:34.925Z] 3:50:34 PM [vite] (client) page reload src/components/ui/toggle.tsx
[2026-01-20T20:50:34.925Z] 3:50:34 PM [vite] (client) page reload src/components/ui/tooltip.tsx
[2026-01-20T20:50:34.925Z] 3:50:34 PM [vite] (client) page reload src/const.ts
[2026-01-20T20:50:34.925Z] 3:50:34 PM [vite] (client) page reload src/contexts/ThemeContext.tsx
[2026-01-20T20:50:34.926Z] 3:50:34 PM [vite] (client) page reload src/hooks/useComposition.ts
[2026-01-20T20:50:34.926Z] 3:50:34 PM [vite] (client) page reload src/hooks/useMobile.tsx
[2026-01-20T20:50:34.926Z] 3:50:34 PM [vite] (client) page reload src/hooks/usePersistFn.ts
[2026-01-20T20:50:34.926Z] 3:50:34 PM [vite] (client) hmr update /src/index.css
[2026-01-20T20:50:34.926Z] 3:50:34 PM [vite] (client) page reload src/lib/utils.ts
[2026-01-20T20:50:34.926Z] 3:50:34 PM [vite] (client) page reload src/main.tsx
[2026-01-20T20:50:34.926Z] 3:50:34 PM [vite] (client) page reload src/pages/Home.tsx
[2026-01-20T20:50:34.926Z] 3:50:34 PM [vite] (client) page reload src/pages/NotFound.tsx
