[2026-01-20T04:48:47.297Z] {"timestamp":1768884526696,"kind":"scroll","url":"https://3000-ipv7c7o7jvoqtuqlho5z3-9942c2c8.us1.manus.computer/?locale=en","viewport":{"width":440,"height":738},"payload":{"scrollX":0,"scrollY":4,"documentHeight":8590,"viewportHeight":738}}
[2026-01-20T04:48:47.297Z] {"timestamp":1768884527223,"kind":"scroll","url":"https://3000-ipv7c7o7jvoqtuqlho5z3-9942c2c8.us1.manus.computer/?locale=en","viewport":{"width":440,"height":738},"payload":{"scrollX":0,"scrollY":231,"documentHeight":8590,"viewportHeight":738}}
[2026-01-20T04:48:49.300Z] {"timestamp":1768884527727,"kind":"scroll","url":"https://3000-ipv7c7o7jvoqtuqlho5z3-9942c2c8.us1.manus.computer/?locale=en","viewport":{"width":440,"height":738},"payload":{"scrollX":0,"scrollY":540,"documentHeight":8590,"viewportHeight":738}}
[2026-01-20T04:48:49.300Z] {"timestamp":1768884528293,"kind":"scroll","url":"https://3000-ipv7c7o7jvoqtuqlho5z3-9942c2c8.us1.manus.computer/?locale=en","viewport":{"width":440,"height":738},"payload":{"scrollX":0,"scrollY":966,"documentHeight":8590,"viewportHeight":738}}
[2026-01-20T04:48:49.300Z] {"timestamp":1768884528806,"kind":"scroll","url":"https://3000-ipv7c7o7jvoqtuqlho5z3-9942c2c8.us1.manus.computer/?locale=en","viewport":{"width":440,"height":738},"payload":{"scrollX":0,"scrollY":1381,"documentHeight":8590,"viewportHeight":738}}
[2026-01-20T04:48:51.294Z] {"timestamp":1768884529410,"kind":"scroll","url":"https://3000-ipv7c7o7jvoqtuqlho5z3-9942c2c8.us1.manus.computer/?locale=en","viewport":{"width":440,"height":738},"payload":{"scrollX":0,"scrollY":1688,"documentHeight":8590,"viewportHeight":738}}
[2026-01-20T04:48:55.300Z] {"timestamp":1768884533846,"kind":"scroll","url":"https://3000-ipv7c7o7jvoqtuqlho5z3-9942c2c8.us1.manus.computer/?locale=en","viewport":{"width":440,"height":738},"payload":{"scrollX":0,"scrollY":1600,"documentHeight":8590,"viewportHeight":738}}
[2026-01-20T04:48:55.300Z] {"timestamp":1768884535144,"kind":"scroll","url":"https://3000-ipv7c7o7jvoqtuqlho5z3-9942c2c8.us1.manus.computer/?locale=en","viewport":{"width":440,"height":738},"payload":{"scrollX":0,"scrollY":1530,"documentHeight":8590,"viewportHeight":738}}
[2026-01-20T04:48:57.303Z] {"timestamp":1768884535677,"kind":"scroll","url":"https://3000-ipv7c7o7jvoqtuqlho5z3-9942c2c8.us1.manus.computer/?locale=en","viewport":{"width":440,"height":738},"payload":{"scrollX":0,"scrollY":1879,"documentHeight":8590,"viewportHeight":738}}
[2026-01-20T04:48:57.303Z] {"timestamp":1768884536426,"kind":"scroll","url":"https://3000-ipv7c7o7jvoqtuqlho5z3-9942c2c8.us1.manus.computer/?locale=en","viewport":{"width":440,"height":738},"payload":{"scrollX":0,"scrollY":1939,"documentHeight":8590,"viewportHeight":738}}
[2026-01-20T04:48:57.303Z] {"timestamp":1768884536927,"kind":"scroll","url":"https://3000-ipv7c7o7jvoqtuqlho5z3-9942c2c8.us1.manus.computer/?locale=en","viewport":{"width":440,"height":738},"payload":{"scrollX":0,"scrollY":2020,"documentHeight":8590,"viewportHeight":738}}
[2026-01-20T04:48:59.303Z] {"timestamp":1768884537441,"kind":"scroll","url":"https://3000-ipv7c7o7jvoqtuqlho5z3-9942c2c8.us1.manus.computer/?locale=en","viewport":{"width":440,"height":738},"payload":{"scrollX":0,"scrollY":2114,"documentHeight":8590,"viewportHeight":738}}
[2026-01-20T04:48:59.303Z] {"timestamp":1768884537958,"kind":"scroll","url":"https://3000-ipv7c7o7jvoqtuqlho5z3-9942c2c8.us1.manus.computer/?locale=en","viewport":{"width":440,"height":738},"payload":{"scrollX":0,"scrollY":2160,"documentHeight":8590,"viewportHeight":738}}
[2026-01-20T04:49:05.305Z] {"timestamp":1768884544710,"kind":"scroll","url":"https://3000-ipv7c7o7jvoqtuqlho5z3-9942c2c8.us1.manus.computer/?locale=en","viewport":{"width":440,"height":738},"payload":{"scrollX":0,"scrollY":2193,"documentHeight":8590,"viewportHeight":738}}
[2026-01-20T04:49:05.305Z] {"timestamp":1768884545210,"kind":"scroll","url":"https://3000-ipv7c7o7jvoqtuqlho5z3-9942c2c8.us1.manus.computer/?locale=en","viewport":{"width":440,"height":738},"payload":{"scrollX":0,"scrollY":2698,"documentHeight":8590,"viewportHeight":738}}
[2026-01-20T04:49:07.307Z] {"timestamp":1768884545725,"kind":"scroll","url":"https://3000-ipv7c7o7jvoqtuqlho5z3-9942c2c8.us1.manus.computer/?locale=en","viewport":{"width":440,"height":738},"payload":{"scrollX":0,"scrollY":2813,"documentHeight":8590,"viewportHeight":738}}
[2026-01-20T04:49:07.307Z] {"timestamp":1768884546744,"kind":"scroll","url":"https://3000-ipv7c7o7jvoqtuqlho5z3-9942c2c8.us1.manus.computer/?locale=en","viewport":{"width":440,"height":738},"payload":{"scrollX":0,"scrollY":3223,"documentHeight":8590,"viewportHeight":738}}
[2026-01-20T04:49:09.307Z] {"timestamp":1768884547275,"kind":"scroll","url":"https://3000-ipv7c7o7jvoqtuqlho5z3-9942c2c8.us1.manus.computer/?locale=en","viewport":{"width":440,"height":738},"payload":{"scrollX":0,"scrollY":3719,"documentHeight":8590,"viewportHeight":738}}
[2026-01-20T04:49:17.311Z] {"timestamp":1768884555982,"kind":"scroll","url":"https://3000-ipv7c7o7jvoqtuqlho5z3-9942c2c8.us1.manus.computer/?locale=en","viewport":{"width":440,"height":738},"payload":{"scrollX":0,"scrollY":3722,"documentHeight":8590,"viewportHeight":738}}
[2026-01-20T04:49:17.311Z] {"timestamp":1768884556494,"kind":"scroll","url":"https://3000-ipv7c7o7jvoqtuqlho5z3-9942c2c8.us1.manus.computer/?locale=en","viewport":{"width":440,"height":738},"payload":{"scrollX":0,"scrollY":3764,"documentHeight":8590,"viewportHeight":738}}
[2026-01-20T04:49:21.313Z] {"timestamp":1768884559661,"kind":"scroll","url":"https://3000-ipv7c7o7jvoqtuqlho5z3-9942c2c8.us1.manus.computer/?locale=en","viewport":{"width":440,"height":738},"payload":{"scrollX":0,"scrollY":3798,"documentHeight":8590,"viewportHeight":738}}
[2026-01-20T04:49:21.313Z] {"timestamp":1768884560178,"kind":"scroll","url":"https://3000-ipv7c7o7jvoqtuqlho5z3-9942c2c8.us1.manus.computer/?locale=en","viewport":{"width":440,"height":738},"payload":{"scrollX":0,"scrollY":4062,"documentHeight":8590,"viewportHeight":738}}
[2026-01-20T04:49:21.313Z] {"timestamp":1768884560728,"kind":"scroll","url":"https://3000-ipv7c7o7jvoqtuqlho5z3-9942c2c8.us1.manus.computer/?locale=en","viewport":{"width":440,"height":738},"payload":{"scrollX":0,"scrollY":4211,"documentHeight":8590,"viewportHeight":738}}
[2026-01-20T04:49:23.313Z] {"timestamp":1768884561945,"kind":"scroll","url":"https://3000-ipv7c7o7jvoqtuqlho5z3-9942c2c8.us1.manus.computer/?locale=en","viewport":{"width":440,"height":738},"payload":{"scrollX":0,"scrollY":4234,"documentHeight":8590,"viewportHeight":738}}
[2026-01-20T04:49:23.313Z] {"timestamp":1768884562460,"kind":"scroll","url":"https://3000-ipv7c7o7jvoqtuqlho5z3-9942c2c8.us1.manus.computer/?locale=en","viewport":{"width":440,"height":738},"payload":{"scrollX":0,"scrollY":4069,"documentHeight":8590,"viewportHeight":738}}
[2026-01-20T04:49:23.313Z] {"timestamp":1768884562962,"kind":"scroll","url":"https://3000-ipv7c7o7jvoqtuqlho5z3-9942c2c8.us1.manus.computer/?locale=en","viewport":{"width":440,"height":738},"payload":{"scrollX":0,"scrollY":3429,"documentHeight":8590,"viewportHeight":738}}
[2026-01-20T04:49:25.316Z] {"timestamp":1768884563529,"kind":"scroll","url":"https://3000-ipv7c7o7jvoqtuqlho5z3-9942c2c8.us1.manus.computer/?locale=en","viewport":{"width":440,"height":738},"payload":{"scrollX":0,"scrollY":3076,"documentHeight":8590,"viewportHeight":738}}
[2026-01-20T04:49:25.316Z] {"timestamp":1768884564146,"kind":"scroll","url":"https://3000-ipv7c7o7jvoqtuqlho5z3-9942c2c8.us1.manus.computer/?locale=en","viewport":{"width":440,"height":738},"payload":{"scrollX":0,"scrollY":3281,"documentHeight":8590,"viewportHeight":738}}
[2026-01-20T04:49:25.316Z] {"timestamp":1768884564660,"kind":"scroll","url":"https://3000-ipv7c7o7jvoqtuqlho5z3-9942c2c8.us1.manus.computer/?locale=en","viewport":{"width":440,"height":738},"payload":{"scrollX":0,"scrollY":3856,"documentHeight":8590,"viewportHeight":738}}
[2026-01-20T04:49:27.310Z] {"timestamp":1768884566246,"kind":"scroll","url":"https://3000-ipv7c7o7jvoqtuqlho5z3-9942c2c8.us1.manus.computer/?locale=en","viewport":{"width":440,"height":738},"payload":{"scrollX":0,"scrollY":4628,"documentHeight":8590,"viewportHeight":738}}
[2026-01-20T04:49:29.309Z] {"timestamp":1768884567513,"kind":"scroll","url":"https://3000-ipv7c7o7jvoqtuqlho5z3-9942c2c8.us1.manus.computer/?locale=en","viewport":{"width":440,"height":738},"payload":{"scrollX":0,"scrollY":5074,"documentHeight":8590,"viewportHeight":738}}
[2026-01-20T04:49:29.309Z] {"timestamp":1768884569063,"kind":"scroll","url":"https://3000-ipv7c7o7jvoqtuqlho5z3-9942c2c8.us1.manus.computer/?locale=en","viewport":{"width":440,"height":738},"payload":{"scrollX":0,"scrollY":5128,"documentHeight":8590,"viewportHeight":738}}
[2026-01-20T04:49:31.320Z] {"timestamp":1768884569846,"kind":"scroll","url":"https://3000-ipv7c7o7jvoqtuqlho5z3-9942c2c8.us1.manus.computer/?locale=en","viewport":{"width":440,"height":738},"payload":{"scrollX":0,"scrollY":5190,"documentHeight":8590,"viewportHeight":738}}
[2026-01-20T04:49:31.320Z] {"timestamp":1768884570362,"kind":"scroll","url":"https://3000-ipv7c7o7jvoqtuqlho5z3-9942c2c8.us1.manus.computer/?locale=en","viewport":{"width":440,"height":738},"payload":{"scrollX":0,"scrollY":5474,"documentHeight":8590,"viewportHeight":738}}
[2026-01-20T04:49:31.320Z] {"timestamp":1768884571180,"kind":"scroll","url":"https://3000-ipv7c7o7jvoqtuqlho5z3-9942c2c8.us1.manus.computer/?locale=en","viewport":{"width":440,"height":738},"payload":{"scrollX":0,"scrollY":5523,"documentHeight":8590,"viewportHeight":738}}
[2026-01-20T04:49:33.313Z] {"timestamp":1768884572297,"kind":"scroll","url":"https://3000-ipv7c7o7jvoqtuqlho5z3-9942c2c8.us1.manus.computer/?locale=en","viewport":{"width":440,"height":738},"payload":{"scrollX":0,"scrollY":5574,"documentHeight":8590,"viewportHeight":738}}
[2026-01-20T04:49:33.313Z] {"timestamp":1768884572811,"kind":"scroll","url":"https://3000-ipv7c7o7jvoqtuqlho5z3-9942c2c8.us1.manus.computer/?locale=en","viewport":{"width":440,"height":738},"payload":{"scrollX":0,"scrollY":5674,"documentHeight":8590,"viewportHeight":738}}
[2026-01-20T04:49:35.323Z] {"timestamp":1768884573311,"kind":"scroll","url":"https://3000-ipv7c7o7jvoqtuqlho5z3-9942c2c8.us1.manus.computer/?locale=en","viewport":{"width":440,"height":738},"payload":{"scrollX":0,"scrollY":5746,"documentHeight":8590,"viewportHeight":738}}
[2026-01-20T04:49:35.323Z] {"timestamp":1768884573811,"kind":"scroll","url":"https://3000-ipv7c7o7jvoqtuqlho5z3-9942c2c8.us1.manus.computer/?locale=en","viewport":{"width":440,"height":738},"payload":{"scrollX":0,"scrollY":5773,"documentHeight":8590,"viewportHeight":738}}
[2026-01-20T04:49:35.323Z] {"timestamp":1768884574312,"kind":"scroll","url":"https://3000-ipv7c7o7jvoqtuqlho5z3-9942c2c8.us1.manus.computer/?locale=en","viewport":{"width":440,"height":738},"payload":{"scrollX":0,"scrollY":5783,"documentHeight":8590,"viewportHeight":738}}
[2026-01-20T04:49:35.323Z] {"timestamp":1768884574828,"kind":"scroll","url":"https://3000-ipv7c7o7jvoqtuqlho5z3-9942c2c8.us1.manus.computer/?locale=en","viewport":{"width":440,"height":738},"payload":{"scrollX":0,"scrollY":5980,"documentHeight":8590,"viewportHeight":738}}
[2026-01-20T04:49:37.320Z] {"timestamp":1768884575329,"kind":"scroll","url":"https://3000-ipv7c7o7jvoqtuqlho5z3-9942c2c8.us1.manus.computer/?locale=en","viewport":{"width":440,"height":738},"payload":{"scrollX":0,"scrollY":6137,"documentHeight":8590,"viewportHeight":738}}
[2026-01-20T04:49:37.320Z] {"timestamp":1768884575896,"kind":"scroll","url":"https://3000-ipv7c7o7jvoqtuqlho5z3-9942c2c8.us1.manus.computer/?locale=en","viewport":{"width":440,"height":738},"payload":{"scrollX":0,"scrollY":6343,"documentHeight":8590,"viewportHeight":738}}
[2026-01-20T04:49:37.320Z] {"timestamp":1768884576897,"kind":"scroll","url":"https://3000-ipv7c7o7jvoqtuqlho5z3-9942c2c8.us1.manus.computer/?locale=en","viewport":{"width":440,"height":738},"payload":{"scrollX":0,"scrollY":6356,"documentHeight":8590,"viewportHeight":738}}
[2026-01-20T04:49:39.322Z] {"timestamp":1768884577413,"kind":"scroll","url":"https://3000-ipv7c7o7jvoqtuqlho5z3-9942c2c8.us1.manus.computer/?locale=en","viewport":{"width":440,"height":738},"payload":{"scrollX":0,"scrollY":6419,"documentHeight":8590,"viewportHeight":738}}
[2026-01-20T04:49:39.322Z] {"timestamp":1768884577997,"kind":"scroll","url":"https://3000-ipv7c7o7jvoqtuqlho5z3-9942c2c8.us1.manus.computer/?locale=en","viewport":{"width":440,"height":738},"payload":{"scrollX":0,"scrollY":6433,"documentHeight":8590,"viewportHeight":738}}
[2026-01-20T04:49:39.322Z] {"timestamp":1768884578511,"kind":"scroll","url":"https://3000-ipv7c7o7jvoqtuqlho5z3-9942c2c8.us1.manus.computer/?locale=en","viewport":{"width":440,"height":738},"payload":{"scrollX":0,"scrollY":6641,"documentHeight":8590,"viewportHeight":738}}
[2026-01-20T04:49:39.322Z] {"timestamp":1768884579230,"kind":"scroll","url":"https://3000-ipv7c7o7jvoqtuqlho5z3-9942c2c8.us1.manus.computer/?locale=en","viewport":{"width":440,"height":738},"payload":{"scrollX":0,"scrollY":6696,"documentHeight":8590,"viewportHeight":738}}
[2026-01-20T04:49:41.319Z] {"timestamp":1768884579745,"kind":"scroll","url":"https://3000-ipv7c7o7jvoqtuqlho5z3-9942c2c8.us1.manus.computer/?locale=en","viewport":{"width":440,"height":738},"payload":{"scrollX":0,"scrollY":6910,"documentHeight":8590,"viewportHeight":738}}
[2026-01-20T04:49:41.319Z] {"timestamp":1768884580731,"kind":"scroll","url":"https://3000-ipv7c7o7jvoqtuqlho5z3-9942c2c8.us1.manus.computer/?locale=en","viewport":{"width":440,"height":738},"payload":{"scrollX":0,"scrollY":6971,"documentHeight":8590,"viewportHeight":738}}
[2026-01-20T04:49:41.319Z] {"timestamp":1768884581245,"kind":"scroll","url":"https://3000-ipv7c7o7jvoqtuqlho5z3-9942c2c8.us1.manus.computer/?locale=en","viewport":{"width":440,"height":738},"payload":{"scrollX":0,"scrollY":7274,"documentHeight":8590,"viewportHeight":738}}
[2026-01-20T04:49:43.322Z] {"timestamp":1768884581745,"kind":"scroll","url":"https://3000-ipv7c7o7jvoqtuqlho5z3-9942c2c8.us1.manus.computer/?locale=en","viewport":{"width":440,"height":738},"payload":{"scrollX":0,"scrollY":7449,"documentHeight":8590,"viewportHeight":738}}
[2026-01-20T04:49:43.322Z] {"timestamp":1768884582245,"kind":"scroll","url":"https://3000-ipv7c7o7jvoqtuqlho5z3-9942c2c8.us1.manus.computer/?locale=en","viewport":{"width":440,"height":738},"payload":{"scrollX":0,"scrollY":7635,"documentHeight":8590,"viewportHeight":738}}
[2026-01-20T04:49:43.322Z] {"timestamp":1768884582749,"kind":"scroll","url":"https://3000-ipv7c7o7jvoqtuqlho5z3-9942c2c8.us1.manus.computer/?locale=en","viewport":{"width":440,"height":738},"payload":{"scrollX":0,"scrollY":7872,"documentHeight":8590,"viewportHeight":738}}
[2026-01-20T20:21:32.931Z] {"timestamp":1768940491688,"kind":"scroll","url":"https://3000-ipv7c7o7jvoqtuqlho5z3-9942c2c8.us1.manus.computer/?from_webdev=1","viewport":{"width":950,"height":782},"payload":{"scrollX":0,"scrollY":1,"documentHeight":6213,"viewportHeight":782}}
[2026-01-20T20:21:32.931Z] {"timestamp":1768940492322,"kind":"scroll","url":"https://3000-ipv7c7o7jvoqtuqlho5z3-9942c2c8.us1.manus.computer/?from_webdev=1","viewport":{"width":950,"height":782},"payload":{"scrollX":0,"scrollY":101,"documentHeight":6213,"viewportHeight":782}}
[2026-01-20T20:21:34.931Z] {"timestamp":1768940492999,"kind":"focusin","url":"https://3000-ipv7c7o7jvoqtuqlho5z3-9942c2c8.us1.manus.computer/?from_webdev=1","viewport":{"width":950,"height":782},"payload":{"target":{"tag":"button","id":null,"name":null,"type":null,"role":null,"ariaLabel":null,"testId":null,"dataLoc":"client/src/pages/Home.tsx:115","href":null,"text":"Get in Touch","selectorHint":"[data-loc=\"client/src/pages/Home.tsx:115\"]"}}}
[2026-01-20T20:21:34.931Z] {"timestamp":1768940493111,"kind":"click","url":"https://3000-ipv7c7o7jvoqtuqlho5z3-9942c2c8.us1.manus.computer/?from_webdev=1","viewport":{"width":950,"height":782},"payload":{"target":{"tag":"button","id":null,"name":null,"type":null,"role":null,"ariaLabel":null,"testId":null,"dataLoc":"client/src/pages/Home.tsx:115","href":null,"text":"Get in Touch","selectorHint":"[data-loc=\"client/src/pages/Home.tsx:115\"]"},"x":211,"y":302}}
[2026-01-20T20:21:34.931Z] {"timestamp":1768940493132,"kind":"scroll","url":"https://3000-ipv7c7o7jvoqtuqlho5z3-9942c2c8.us1.manus.computer/?from_webdev=1","viewport":{"width":950,"height":782},"payload":{"scrollX":0,"scrollY":302,"documentHeight":6213,"viewportHeight":782}}
[2026-01-20T20:21:34.931Z] {"timestamp":1768940493648,"kind":"scroll","url":"https://3000-ipv7c7o7jvoqtuqlho5z3-9942c2c8.us1.manus.computer/?from_webdev=1","viewport":{"width":950,"height":782},"payload":{"scrollX":0,"scrollY":4342,"documentHeight":6213,"viewportHeight":782}}
[2026-01-20T20:21:34.931Z] {"timestamp":1768940494149,"kind":"scroll","url":"https://3000-ipv7c7o7jvoqtuqlho5z3-9942c2c8.us1.manus.computer/?from_webdev=1","viewport":{"width":950,"height":782},"payload":{"scrollX":0,"scrollY":5178,"documentHeight":6213,"viewportHeight":782}}
[2026-01-20T20:21:34.931Z] {"timestamp":1768940494649,"kind":"scroll","url":"https://3000-ipv7c7o7jvoqtuqlho5z3-9942c2c8.us1.manus.computer/?from_webdev=1","viewport":{"width":950,"height":782},"payload":{"scrollX":0,"scrollY":5203,"documentHeight":6213,"viewportHeight":782}}
[2026-01-20T20:21:37.133Z] {"timestamp":1768940495263,"kind":"focusout","url":"https://3000-ipv7c7o7jvoqtuqlho5z3-9942c2c8.us1.manus.computer/?from_webdev=1","viewport":{"width":950,"height":782},"payload":{"target":{"tag":"button","id":null,"name":null,"type":null,"role":null,"ariaLabel":null,"testId":null,"dataLoc":"client/src/pages/Home.tsx:115","href":null,"text":"Get in Touch","selectorHint":"[data-loc=\"client/src/pages/Home.tsx:115\"]"},"value":null}}
[2026-01-20T20:21:37.133Z] {"timestamp":1768940495264,"kind":"focusin","url":"https://3000-ipv7c7o7jvoqtuqlho5z3-9942c2c8.us1.manus.computer/?from_webdev=1","viewport":{"width":950,"height":782},"payload":{"target":{"tag":"a","id":null,"name":null,"type":null,"role":null,"ariaLabel":null,"testId":null,"dataLoc":"client/src/pages/Home.tsx:525","href":"https://www.linkedin.com/in/teodorradovic","text":"LinkedIn Profile","selectorHint":"[data-loc=\"client/src/pages/Home.tsx:525\"]"}}}
[2026-01-20T20:21:37.133Z] {"timestamp":1768940495348,"kind":"click","url":"https://3000-ipv7c7o7jvoqtuqlho5z3-9942c2c8.us1.manus.computer/?from_webdev=1","viewport":{"width":950,"height":782},"payload":{"target":{"tag":"a","id":null,"name":null,"type":null,"role":null,"ariaLabel":null,"testId":null,"dataLoc":"client/src/pages/Home.tsx:525","href":"https://www.linkedin.com/in/teodorradovic","text":"LinkedIn Profile","selectorHint":"[data-loc=\"client/src/pages/Home.tsx:525\"]"},"x":629,"y":509}}
[2026-01-20T20:21:37.133Z] {"timestamp":1768940495417,"kind":"focusout","url":"https://3000-ipv7c7o7jvoqtuqlho5z3-9942c2c8.us1.manus.computer/?from_webdev=1","viewport":{"width":950,"height":782},"payload":{"target":{"tag":"a","id":null,"name":null,"type":null,"role":null,"ariaLabel":null,"testId":null,"dataLoc":"client/src/pages/Home.tsx:525","href":"https://www.linkedin.com/in/teodorradovic","text":"LinkedIn Profile","selectorHint":"[data-loc=\"client/src/pages/Home.tsx:525\"]"},"value":null}}
[2026-01-20T20:21:38.949Z] {"timestamp":1768940498679,"kind":"focusin","url":"https://3000-ipv7c7o7jvoqtuqlho5z3-9942c2c8.us1.manus.computer/?from_webdev=1","viewport":{"width":950,"height":782},"payload":{"target":{"tag":"a","id":null,"name":null,"type":null,"role":null,"ariaLabel":null,"testId":null,"dataLoc":"client/src/pages/Home.tsx:525","href":"https://www.linkedin.com/in/teodorradovic","text":"LinkedIn Profile","selectorHint":"[data-loc=\"client/src/pages/Home.tsx:525\"]"}}}
[2026-01-20T20:21:40.930Z] {"timestamp":1768940499599,"kind":"scroll","url":"https://3000-ipv7c7o7jvoqtuqlho5z3-9942c2c8.us1.manus.computer/?from_webdev=1","viewport":{"width":950,"height":782},"payload":{"scrollX":0,"scrollY":5429,"documentHeight":6213,"viewportHeight":782}}
[2026-01-20T20:21:40.930Z] {"timestamp":1768940500104,"kind":"scroll","url":"https://3000-ipv7c7o7jvoqtuqlho5z3-9942c2c8.us1.manus.computer/?from_webdev=1","viewport":{"width":950,"height":782},"payload":{"scrollX":0,"scrollY":4736,"documentHeight":6213,"viewportHeight":782}}
[2026-01-20T20:21:40.930Z] {"timestamp":1768940500605,"kind":"scroll","url":"https://3000-ipv7c7o7jvoqtuqlho5z3-9942c2c8.us1.manus.computer/?from_webdev=1","viewport":{"width":950,"height":782},"payload":{"scrollX":0,"scrollY":4132,"documentHeight":6213,"viewportHeight":782}}
[2026-01-20T20:21:42.941Z] {"timestamp":1768940501121,"kind":"scroll","url":"https://3000-ipv7c7o7jvoqtuqlho5z3-9942c2c8.us1.manus.computer/?from_webdev=1","viewport":{"width":950,"height":782},"payload":{"scrollX":0,"scrollY":4026,"documentHeight":6213,"viewportHeight":782}}
[2026-01-20T20:21:42.941Z] {"timestamp":1768940501621,"kind":"scroll","url":"https://3000-ipv7c7o7jvoqtuqlho5z3-9942c2c8.us1.manus.computer/?from_webdev=1","viewport":{"width":950,"height":782},"payload":{"scrollX":0,"scrollY":3505,"documentHeight":6213,"viewportHeight":782}}
[2026-01-20T20:21:42.941Z] {"timestamp":1768940502121,"kind":"scroll","url":"https://3000-ipv7c7o7jvoqtuqlho5z3-9942c2c8.us1.manus.computer/?from_webdev=1","viewport":{"width":950,"height":782},"payload":{"scrollX":0,"scrollY":3295,"documentHeight":6213,"viewportHeight":782}}
[2026-01-20T20:21:44.931Z] {"timestamp":1768940503038,"kind":"scroll","url":"https://3000-ipv7c7o7jvoqtuqlho5z3-9942c2c8.us1.manus.computer/?from_webdev=1","viewport":{"width":950,"height":782},"payload":{"scrollX":0,"scrollY":3230,"documentHeight":6213,"viewportHeight":782}}
[2026-01-20T20:21:44.931Z] {"timestamp":1768940503555,"kind":"scroll","url":"https://3000-ipv7c7o7jvoqtuqlho5z3-9942c2c8.us1.manus.computer/?from_webdev=1","viewport":{"width":950,"height":782},"payload":{"scrollX":0,"scrollY":3031,"documentHeight":6213,"viewportHeight":782}}
[2026-01-20T20:21:44.931Z] {"timestamp":1768940504322,"kind":"scroll","url":"https://3000-ipv7c7o7jvoqtuqlho5z3-9942c2c8.us1.manus.computer/?from_webdev=1","viewport":{"width":950,"height":782},"payload":{"scrollX":0,"scrollY":2730,"documentHeight":6213,"viewportHeight":782}}
[2026-01-20T20:21:46.919Z] {"timestamp":1768940504837,"kind":"scroll","url":"https://3000-ipv7c7o7jvoqtuqlho5z3-9942c2c8.us1.manus.computer/?from_webdev=1","viewport":{"width":950,"height":782},"payload":{"scrollX":0,"scrollY":1634,"documentHeight":6213,"viewportHeight":782}}
[2026-01-20T20:21:46.919Z] {"timestamp":1768940505400,"kind":"scroll","url":"https://3000-ipv7c7o7jvoqtuqlho5z3-9942c2c8.us1.manus.computer/?from_webdev=1","viewport":{"width":950,"height":782},"payload":{"scrollX":0,"scrollY":1029,"documentHeight":6213,"viewportHeight":782}}
[2026-01-20T20:21:46.919Z] {"timestamp":1768940505915,"kind":"scroll","url":"https://3000-ipv7c7o7jvoqtuqlho5z3-9942c2c8.us1.manus.computer/?from_webdev=1","viewport":{"width":950,"height":782},"payload":{"scrollX":0,"scrollY":496,"documentHeight":6213,"viewportHeight":782}}
[2026-01-20T20:21:50.942Z] {"timestamp":1768940510363,"kind":"focusout","url":"https://3000-ipv7c7o7jvoqtuqlho5z3-9942c2c8.us1.manus.computer/?from_webdev=1","viewport":{"width":950,"height":782},"payload":{"target":{"tag":"a","id":null,"name":null,"type":null,"role":null,"ariaLabel":null,"testId":null,"dataLoc":"client/src/pages/Home.tsx:525","href":"https://www.linkedin.com/in/teodorradovic","text":"LinkedIn Profile","selectorHint":"[data-loc=\"client/src/pages/Home.tsx:525\"]"},"value":null}}
[2026-01-20T20:22:36.943Z] {"timestamp":1768940555976,"kind":"focusin","url":"https://3000-ipv7c7o7jvoqtuqlho5z3-9942c2c8.us1.manus.computer/?from_webdev=1","viewport":{"width":950,"height":782},"payload":{"target":{"tag":"button","id":null,"name":null,"type":null,"role":null,"ariaLabel":null,"testId":null,"dataLoc":"client/src/pages/Home.tsx:151","href":null,"text":"","selectorHint":"[data-loc=\"client/src/pages/Home.tsx:151\"]"}}}
[2026-01-20T20:22:36.943Z] {"timestamp":1768940556051,"kind":"click","url":"https://3000-ipv7c7o7jvoqtuqlho5z3-9942c2c8.us1.manus.computer/?from_webdev=1","viewport":{"width":950,"height":782},"payload":{"target":{"tag":"svg","id":null,"name":null,"type":null,"role":null,"ariaLabel":null,"testId":null,"dataLoc":"client/src/pages/Home.tsx:155","href":null,"text":"","selectorHint":"[data-loc=\"client/src/pages/Home.tsx:155\"]"},"x":473,"y":738}}
[2026-01-20T20:22:36.943Z] {"timestamp":1768940556081,"kind":"scroll","url":"https://3000-ipv7c7o7jvoqtuqlho5z3-9942c2c8.us1.manus.computer/?from_webdev=1","viewport":{"width":950,"height":782},"payload":{"scrollX":0,"scrollY":2,"documentHeight":6213,"viewportHeight":782}}
[2026-01-20T20:22:48.941Z] {"timestamp":1768940567280,"kind":"focusout","url":"https://3000-ipv7c7o7jvoqtuqlho5z3-9942c2c8.us1.manus.computer/?from_webdev=1","viewport":{"width":950,"height":782},"payload":{"target":{"tag":"button","id":null,"name":null,"type":null,"role":null,"ariaLabel":null,"testId":null,"dataLoc":"client/src/pages/Home.tsx:151","href":null,"text":"","selectorHint":"[data-loc=\"client/src/pages/Home.tsx:151\"]"},"value":null}}
